<?xml version="1.0" encoding="UTF-8"?>
<!-- Generated by org.testng.reporters.JUnitXMLReporter -->
<testsuite ignored="0" hostname="6LXDW33" failures="1" tests="1" name="Test" time="13.13" errors="0" timestamp="17 Jan 2023 10:14:49 GMT">
  <testcase classname="com.einfochips.testCases.HomepageTest" name="Services" time="5.394">
    <failure type="java.lang.AssertionError">
      <![CDATA[java.lang.AssertionError
at org.junit.Assert.fail(Assert.java:86)
at org.junit.Assert.assertTrue(Assert.java:41)
at org.junit.Assert.assertTrue(Assert.java:52)
at com.einfochips.testCases.HomepageTest.Services(HomepageTest.java:25)
... Removed 25 stack frames]]>
    </failure>
  </testcase> <!-- Services -->
</testsuite> <!-- Test -->
