<?xml version="1.0" encoding="UTF-8"?>
<testng-results ignored="0" total="1" passed="1" failed="0" skipped="0">
  <reporter-output>
  </reporter-output>
  <suite started-at="2023-01-17T10:45:51Z" name="Suite" finished-at="2023-01-17T10:46:02Z" duration-ms="11266">
    <groups>
    </groups>
    <test started-at="2023-01-17T10:45:51Z" name="Test" finished-at="2023-01-17T10:46:02Z" duration-ms="11266">
      <class name="com.einfochips.testCases.HomepageTest">
        <test-method is-config="true" signature="setup(java.lang.String, java.lang.String)[pri:0, instance:com.einfochips.testCases.HomepageTest@210ab13f]" started-at="2023-01-17T10:45:51Z" name="setup" finished-at="2023-01-17T10:45:56Z" duration-ms="4413" status="PASS">
          <params>
            <param index="0">
              <value>
                <![CDATA[sai]]>
              </value>
            </param>
            <param index="1">
              <value>
                <![CDATA[qa]]>
              </value>
            </param>
          </params>
          <reporter-output>
          </reporter-output>
        </test-method> <!-- setup -->
        <test-method is-config="true" signature="launch()[pri:0, instance:com.einfochips.testCases.HomepageTest@210ab13f]" started-at="2023-01-17T10:45:56Z" name="launch" finished-at="2023-01-17T10:45:56Z" duration-ms="42" status="PASS">
          <reporter-output>
          </reporter-output>
        </test-method> <!-- launch -->
        <test-method signature="Services()[pri:0, instance:com.einfochips.testCases.HomepageTest@210ab13f]" started-at="2023-01-17T10:45:56Z" name="Services" finished-at="2023-01-17T10:46:01Z" duration-ms="5336" status="PASS">
          <reporter-output>
          </reporter-output>
        </test-method> <!-- Services -->
        <test-method is-config="true" signature="tearDown()[pri:0, instance:com.einfochips.testCases.HomepageTest@210ab13f]" started-at="2023-01-17T10:46:01Z" name="tearDown" finished-at="2023-01-17T10:46:02Z" duration-ms="1197" status="PASS">
          <reporter-output>
          </reporter-output>
        </test-method> <!-- tearDown -->
      </class> <!-- com.einfochips.testCases.HomepageTest -->
    </test> <!-- Test -->
  </suite> <!-- Suite -->
</testng-results>
